
simple_env: system execution failed.
Following is the set of recorded exceptions:

******************************** Thread exception *****************************
In thread           Root thread            0x0 (thread id)
*******************************************************************************
-------------------------------------------------------------------------------
Class / Object      Routine                Nature of exception           Effect
-------------------------------------------------------------------------------
SIMPLE_ENV          c_se_get_all_names     Segmentation violation:      
<0000021A3593C628>                         Operating system signal.      Fail
-------------------------------------------------------------------------------
SIMPLE_ENV          c_se_get_all_names                                  
<0000021A3593C628>                         Routine failure.              Fail
-------------------------------------------------------------------------------
SIMPLE_ENV          all_names @2                                        
<0000021A3593C628>                         Routine failure.              Fail
-------------------------------------------------------------------------------
APPLICATION         make @11                                            
<0000021A3593C5E8>                         Routine failure.              Fail
-------------------------------------------------------------------------------
APPLICATION         root's creation                                     
<0000021A3593C5E8>                         Routine failure.              Exit
-------------------------------------------------------------------------------

simple_env: system execution failed.
Following is the set of recorded exceptions:

******************************** Thread exception *****************************
In thread           Root thread            0x0 (thread id)
*******************************************************************************
-------------------------------------------------------------------------------
Class / Object      Routine                Nature of exception           Effect
-------------------------------------------------------------------------------
SIMPLE_ENV          c_se_get_all_names     Segmentation violation:      
<00000261788FE5C8>                         Operating system signal.      Fail
-------------------------------------------------------------------------------
SIMPLE_ENV          c_se_get_all_names                                  
<00000261788FE5C8>                         Routine failure.              Fail
-------------------------------------------------------------------------------
SIMPLE_ENV          all_names @2                                        
<00000261788FE5C8>                         Routine failure.              Fail
-------------------------------------------------------------------------------
APPLICATION         make @11                                            
<00000261788FE588>                         Routine failure.              Fail
-------------------------------------------------------------------------------
APPLICATION         root's creation                                     
<00000261788FE588>                         Routine failure.              Exit
-------------------------------------------------------------------------------

simple_env: system execution failed.
Following is the set of recorded exceptions:

******************************** Thread exception *****************************
In thread           Root thread            0x0 (thread id)
*******************************************************************************
-------------------------------------------------------------------------------
Class / Object      Routine                Nature of exception           Effect
-------------------------------------------------------------------------------
SIMPLE_ENV          c_se_get_all_names     Segmentation violation:      
<000001F54D3065C8>                         Operating system signal.      Fail
-------------------------------------------------------------------------------
SIMPLE_ENV          c_se_get_all_names                                  
<000001F54D3065C8>                         Routine failure.              Fail
-------------------------------------------------------------------------------
SIMPLE_ENV          all_names @2                                        
<000001F54D3065C8>                         Routine failure.              Fail
-------------------------------------------------------------------------------
APPLICATION         make @11                                            
<000001F54D306588>                         Routine failure.              Fail
-------------------------------------------------------------------------------
APPLICATION         root's creation                                     
<000001F54D306588>                         Routine failure.              Exit
-------------------------------------------------------------------------------

simple_env: system execution failed.
Following is the set of recorded exceptions:

******************************** Thread exception *****************************
In thread           Root thread            0x0 (thread id)
*******************************************************************************
-------------------------------------------------------------------------------
Class / Object      Routine                Nature of exception           Effect
-------------------------------------------------------------------------------
SIMPLE_ENV          c_se_get_all_names     Segmentation violation:      
<0000017935EBF5C8>                         Operating system signal.      Fail
-------------------------------------------------------------------------------
SIMPLE_ENV          c_se_get_all_names                                  
<0000017935EBF5C8>                         Routine failure.              Fail
-------------------------------------------------------------------------------
SIMPLE_ENV          all_names @2                                        
<0000017935EBF5C8>                         Routine failure.              Fail
-------------------------------------------------------------------------------
APPLICATION         make @11                                            
<0000017935EBF588>                         Routine failure.              Fail
-------------------------------------------------------------------------------
APPLICATION         root's creation                                     
<0000017935EBF588>                         Routine failure.              Exit
-------------------------------------------------------------------------------

simple_env: system execution failed.
Following is the set of recorded exceptions:

******************************** Thread exception *****************************
In thread           Root thread            0x0 (thread id)
*******************************************************************************
-------------------------------------------------------------------------------
Class / Object      Routine                Nature of exception           Effect
-------------------------------------------------------------------------------
SIMPLE_ENV          c_se_get_all_names     Segmentation violation:      
<00000266FD7D75C8>                         Operating system signal.      Fail
-------------------------------------------------------------------------------
SIMPLE_ENV          c_se_get_all_names                                  
<00000266FD7D75C8>                         Routine failure.              Fail
-------------------------------------------------------------------------------
SIMPLE_ENV          all_names @2                                        
<00000266FD7D75C8>                         Routine failure.              Fail
-------------------------------------------------------------------------------
APPLICATION         make @11                                            
<00000266FD7D7588>                         Routine failure.              Fail
-------------------------------------------------------------------------------
APPLICATION         root's creation                                     
<00000266FD7D7588>                         Routine failure.              Exit
-------------------------------------------------------------------------------

simple_env: system execution failed.
Following is the set of recorded exceptions:

******************************** Thread exception *****************************
In thread           Root thread            0x0 (thread id)
*******************************************************************************
-------------------------------------------------------------------------------
Class / Object      Routine                Nature of exception           Effect
-------------------------------------------------------------------------------
SIMPLE_ENV          c_se_get_names_with_prefix
                                           Segmentation violation:
<000002266C3F35C8>                         Operating system signal.      Fail
-------------------------------------------------------------------------------
SIMPLE_ENV          c_se_get_names_with_prefix
<000002266C3F35C8>                         Routine failure.              Fail
-------------------------------------------------------------------------------
SIMPLE_ENV          names_with_prefix @4                                
<000002266C3F35C8>                         Routine failure.              Fail
-------------------------------------------------------------------------------
APPLICATION         make @14                                            
<000002266C3F3588>                         Routine failure.              Fail
-------------------------------------------------------------------------------
APPLICATION         root's creation                                     
<000002266C3F3588>                         Routine failure.              Exit
-------------------------------------------------------------------------------
